\BOOKMARK [1][-]{section.1}{Basic commands}{}% 1
\BOOKMARK [1][-]{section.2}{To do notes}{}% 2
\BOOKMARK [1][-]{section.3}{Maths}{}% 3
\BOOKMARK [1][-]{section.4}{Captions}{}% 4
\BOOKMARK [2][-]{subsection.4.1}{multicols}{section.4}% 5
\BOOKMARK [1][-]{section.5}{Import other documents}{}% 6
\BOOKMARK [1][-]{section.6}{Adding R code}{}% 7
\BOOKMARK [1][-]{section.7}{Introduction}{}% 8
\BOOKMARK [1][-]{section.8}{Mat\351riels et m\351thodes}{}% 9
\BOOKMARK [2][-]{subsection.8.1}{Cas d'\351tude}{section.8}% 10
\BOOKMARK [2][-]{subsection.8.2}{\311chantillonnage}{section.8}% 11
\BOOKMARK [2][-]{subsection.8.3}{Bioinformatique}{section.8}% 12
\BOOKMARK [2][-]{subsection.8.4}{G\351n\351tique des populations}{section.8}% 13
\BOOKMARK [2][-]{subsection.8.5}{Hypoth\350se d'admixture}{section.8}% 14
\BOOKMARK [1][-]{section.9}{R\351sultats}{}% 15
\BOOKMARK [2][-]{subsection.9.1}{Tri du jeu de donn\351es}{section.9}% 16
\BOOKMARK [2][-]{subsection.9.2}{Sous-section Erythrodrosum}{section.9}% 17
\BOOKMARK [2][-]{subsection.9.3}{Clade `Hirsuta'}{section.9}% 18
\BOOKMARK [2][-]{subsection.9.4}{Hypoth\350se d'admixture}{section.9}% 19
\BOOKMARK [1][-]{section.10}{Discussion}{}% 20
\BOOKMARK [2][-]{subsection.10.1}{Structure g\351n\351tique alpine}{section.10}% 21
\BOOKMARK [2][-]{subsection.10.2}{Flux de g\350nes et glaciations}{section.10}% 22
\BOOKMARK [2][-]{subsection.10.3}{Conclusion}{section.10}% 23
